This is pdfTeX, Version 3.1415926-1.40.10 (TeX Live 2009/Debian) (format=latex 2017.4.26)  26 APR 2017 18:47
entering extended mode
 %&-line parsing enabled.
**apacite.ins
(./apacite.ins
LaTeX2e <2009/09/24>
Babel <v3.8l> and hyphenation patterns for english, usenglishmax, dumylang, noh
yphenation, farsi, arabic, croatian, bulgarian, ukrainian, russian, czech, slov
ak, danish, dutch, finnish, french, basque, ngerman, german, german-x-2009-06-1
9, ngerman-x-2009-06-19, ibycus, monogreek, greek, ancientgreek, hungarian, san
skrit, italian, latin, latvian, lithuanian, mongolian2a, mongolian, bokmal, nyn
orsk, romanian, irish, coptic, serbian, turkish, welsh, esperanto, uppersorbian
, estonian, indonesian, interlingua, icelandic, kurmanji, slovenian, polish, po
rtuguese, spanish, galician, catalan, swedish, ukenglish, pinyin, loaded.
(/usr/share/texmf-texlive/tex/latex/base/docstrip.tex
\blockLevel=\count79
\emptyLines=\count80
\processedLines=\count81
\commentsRemoved=\count82
\commentsPassed=\count83
\codeLinesPassed=\count84
\TotalprocessedLines=\count85
\TotalcommentsRemoved=\count86
\TotalcommentsPassed=\count87
\TotalcodeLinesPassed=\count88
\NumberOfFiles=\count89
\inFile=\read1
\inputcheck=\read2
\off@0=\count90
\off@1=\count91
\off@2=\count92
\off@3=\count93
\off@4=\count94
\off@5=\count95
\off@6=\count96
\off@7=\count97
\off@8=\count98
\off@9=\count99
\off@10=\count100
\off@11=\count101
\off@12=\count102
\off@13=\count103
\off@14=\count104
\off@15=\count105
\@maxfiles=\count106
\@maxoutfiles=\count107

Utility: `docstrip' 2.5d <2005/07/29>
English documentation    <1999/03/31>

**********************************************************
* This program converts documented macro-files into fast *
* loadable files by stripping off (nearly) all comments! *
**********************************************************

********************************************************
* No Configuration file found, using default settings. *
********************************************************

)

Generating file(s) ./apacite.sty ./apacdoc.sty ./english.apc ./dutch.apc ./finn
ish.apc ./french.apc ./german.apc ./ngerman.apc ./greek.apc ./norsk.apc ./spani
sh.apc ./swedish.apc ./apacxmpl.tex ./apacite.drv ./apa5ex.bib ./apacite.bst ./
apacitex.bst ./apacann.bst ./apacannx.bst 
\openout0 = `./apacite.sty'.

\openout1 = `./apacdoc.sty'.

\openout2 = `./english.apc'.

\openout3 = `./dutch.apc'.

\openout4 = `./finnish.apc'.

\openout5 = `./french.apc'.

\openout6 = `./german.apc'.

\openout7 = `./ngerman.apc'.

\openout8 = `./greek.apc'.

\openout9 = `./norsk.apc'.

\openout10 = `./spanish.apc'.

\openout11 = `./swedish.apc'.

\openout12 = `./apacxmpl.tex'.

\openout13 = `./apacite.drv'.

\openout14 = `./apa5ex.bib'.

\openout15 = `./apacite.bst'.


Processing file apacite.dtx (package) -> apacite.sty
                            (docpkg) -> apacdoc.sty
                            (english) -> english.apc
                            (dutch) -> dutch.apc
                            (finnish) -> finnish.apc
                            (french) -> french.apc
                            (german) -> german.apc
                            (ngerman) -> ngerman.apc
                            (greek) -> greek.apc
                            (norsk) -> norsk.apc
                            (spanish) -> spanish.apc
                            (swedish) -> swedish.apc
                            (xmpl) -> apacxmpl.tex
                            (driver) -> apacite.drv
                            (bibdb) -> apa5ex.bib
                            (bibstyle) -> apacite.bst
File apacite.dtx ended by \endinput.
Lines  processed: 23152
Comments removed: 4911
Comments  passed: 787
Codelines passed: 17172

\openout0 = `./apacitex.bst'.

\openout1 = `./apacann.bst'.

\openout2 = `./apacannx.bst'.


Processing file apacite.dtx (xbibstyle) -> apacitex.bst
                            (bibstyle,annotated) -> apacann.bst
                            (xbibstyle,annotated) -> apacannx.bst
File apacite.dtx ended by \endinput.
Lines  processed: 23152
Comments removed: 4911
Comments  passed: 787
Codelines passed: 17172

*****************************************************
*                                                   *
* To finish the installation you have to move the   *
* following files into a directory searched by TeX: *
*                                                   *
*     All *.apc, *.sty                              *
*                                                   *
* and to move the following files into a directory  *
* searched by BibTeX:                               *
*                                                   *
*     All *.bib, *.bst                              *
*                                                   *
* To produce the documentation, run the following   *
* script (or something similar, depending on your   *
* operating system):                                *
*                                                   *
*  pdflatex apacite.drv                             *
*  bibtex   apacite                                 *
*  pdflatex apacite.drv                             *
*  pdflatex apacite.drv                             *
*  pdflatex apacite.drv                             *
*  makeindex -o apacite.and apacite.adx             *
*  pdflatex apacite.drv                             *
*  pdflatex apacite.drv                             *
*                                                   *
* See the README file for a brief explanation and   *
* the file apacite.drv for how to customize the     *
* manual (e.g., to include the documented source    *
* code.                                             *
*                                                   *
* Happy TeXing!                                     *
*                                                   *
*****************************************************
Overall statistics:
Files  processed: 2
Lines  processed: 46304
Comments removed: 9822
Comments  passed: 1574
Codelines passed: 34344
 ) 
Here is how much of TeX's memory you used:
 475 strings out of 493849
 5024 string characters out of 1152846
 60712 words of memory out of 3000000
 3825 multiletter control sequences out of 15000+50000
 3640 words of font info for 14 fonts, out of 3000000 for 9000
 714 hyphenation exceptions out of 8191
 13i,0n,15p,213b,295s stack positions out of 5000i,500n,10000p,200000b,50000s

No pages of output.
